<?xml version='1.0' encoding='UTF-8'?>
<testsuite hostname="Alans-MBP.lan" name="MeetupTest" tests="91" errors="0" failures="0" skipped="0" time="0.032">
                     <properties>
[...]
</properties>
                     <testcase classname="MeetupTest" name="monteenth of may 2013" time="0.019">
                                                 
                                               </testcase><testcase classname="MeetupTest" name="monteenth of august 2013" time="0.0">
                                                 
                                               </testcase><testcase classname="MeetupTest" name="monteenth of september 2013" time="0.0">
                                                 
                                               </testcase><testcase classname="MeetupTest" name="tuesteenth of march 2013" time="0.0">
                                                 
                                               </testcase><testcase classname="MeetupTest" name="tuesteenth of april 2013" time="0.0">
                                                 
                                               </testcase><testcase classname="MeetupTest" name="tuesteenth of august 2013" time="0.001">
                                                 
                                               </testcase><testcase classname="MeetupTest" name="wednesteenth of january 2013" time="0.0">
                                                 
                                               </testcase><testcase classname="MeetupTest" name="wednesteenth of february 2013" time="0.0">
                                                 
                                               </testcase><testcase classname="MeetupTest" name="wednesteenth of june 2013" time="0.001">
                                                 
                                               </testcase><testcase classname="MeetupTest" name="thursteenth of may 2013" time="0.0">
                                                 
                                               </testcase><testcase classname="MeetupTest" name="thursteenth of june 2013" time="0.0">
                                                 
                                               </testcase><testcase classname="MeetupTest" name="thursteenth of september 2013" time="0.0">
                                                 
                                               </testcase><testcase classname="MeetupTest" name="friteenth of april 2013" time="0.0">
                                                 
                                               </testcase><testcase classname="MeetupTest" name="friteenth of august 2013" time="0.0">
                                                 
                                               </testcase><testcase classname="MeetupTest" name="friteenth of september 2013" time="0.001">
                                                 
                                               </testcase><testcase classname="MeetupTest" name="saturteenth of february 2013" time="0.0">
                                                 
                                               </testcase><testcase classname="MeetupTest" name="saturteenth of april 2013" time="0.0">
                                                 
                                               </testcase><testcase classname="MeetupTest" name="saturteenth of october 2013" time="0.0">
                                                 
                                               </testcase><testcase classname="MeetupTest" name="sunteenth of may 2013" time="0.0">
                                                 
                                               </testcase><testcase classname="MeetupTest" name="sunteenth of june 2013" time="0.0">
                                                 
                                               </testcase><testcase classname="MeetupTest" name="sunteenth of october 2013" time="0.0">
                                                 
                                               </testcase><testcase classname="MeetupTest" name="first monday of march 2013" time="0.0">
                                                 
                                               </testcase><testcase classname="MeetupTest" name="first monday of april 2013" time="0.0">
                                                 
                                               </testcase><testcase classname="MeetupTest" name="first tuesday of may 2013" time="0.0">
                                                 
                                               </testcase><testcase classname="MeetupTest" name="first tuesday of june 2013" time="0.0">
                                                 
                                               </testcase><testcase classname="MeetupTest" name="first wednesday of july 2013" time="0.0">
                                                 
                                               </testcase><testcase classname="MeetupTest" name="first wednesday of august 2013" time="0.0">
                                                 
                                               </testcase><testcase classname="MeetupTest" name="first thursday of september 2013" time="0.0">
                                                 
                                               </testcase><testcase classname="MeetupTest" name="first thursday of october 2013" time="0.001">
                                                 
                                               </testcase><testcase classname="MeetupTest" name="first friday of november 2013" time="0.0">
                                                 
                                               </testcase><testcase classname="MeetupTest" name="first friday of december 2013" time="0.0">
                                                 
                                               </testcase><testcase classname="MeetupTest" name="first saturday of january 2013" time="0.0">
                                                 
                                               </testcase><testcase classname="MeetupTest" name="first saturday of february 2013" time="0.0">
                                                 
                                               </testcase><testcase classname="MeetupTest" name="first sunday of march 2013" time="0.0">
                                                 
                                               </testcase><testcase classname="MeetupTest" name="first sunday of april 2013" time="0.0">
                                                 
                                               </testcase><testcase classname="MeetupTest" name="second monday of march 2013" time="0.0">
                                                 
                                               </testcase><testcase classname="MeetupTest" name="second monday of april 2013" time="0.0">
                                                 
                                               </testcase><testcase classname="MeetupTest" name="second tuesday of may 2013" time="0.0">
                                                 
                                               </testcase><testcase classname="MeetupTest" name="second tuesday of june 2013" time="0.0">
                                                 
                                               </testcase><testcase classname="MeetupTest" name="second wednesday of july 2013" time="0.0">
                                                 
                                               </testcase><testcase classname="MeetupTest" name="second wednesday of august 2013" time="0.0">
                                                 
                                               </testcase><testcase classname="MeetupTest" name="second thursday of september 2013" time="0.0">
                                                 
                                               </testcase><testcase classname="MeetupTest" name="second thursday of october 2013" time="0.0">
                                                 
                                               </testcase><testcase classname="MeetupTest" name="second friday of november 2013" time="0.0">
                                                 
                                               </testcase><testcase classname="MeetupTest" name="second friday of december 2013" time="0.0">
                                                 
                                               </testcase><testcase classname="MeetupTest" name="second saturday of january 2013" time="0.0">
                                                 
                                               </testcase><testcase classname="MeetupTest" name="second saturday of february 2013" time="0.001">
                                                 
                                               </testcase><testcase classname="MeetupTest" name="second sunday of march 2013" time="0.0">
                                                 
                                               </testcase><testcase classname="MeetupTest" name="second sunday of april 2013" time="0.0">
                                                 
                                               </testcase><testcase classname="MeetupTest" name="third monday of march 2013" time="0.0">
                                                 
                                               </testcase><testcase classname="MeetupTest" name="third monday of april 2013" time="0.0">
                                                 
                                               </testcase><testcase classname="MeetupTest" name="third tuesday of may 2013" time="0.001">
                                                 
                                               </testcase><testcase classname="MeetupTest" name="third tuesday of june 2013" time="0.0">
                                                 
                                               </testcase><testcase classname="MeetupTest" name="third wednesday of july 2013" time="0.0">
                                                 
                                               </testcase><testcase classname="MeetupTest" name="third wednesday of august 2013" time="0.0">
                                                 
                                               </testcase><testcase classname="MeetupTest" name="third thursday of september 2013" time="0.0">
                                                 
                                               </testcase><testcase classname="MeetupTest" name="third thursday of october 2013" time="0.0">
                                                 
                                               </testcase><testcase classname="MeetupTest" name="third friday of november 2013" time="0.0">
                                                 
                                               </testcase><testcase classname="MeetupTest" name="third friday of december 2013" time="0.0">
                                                 
                                               </testcase><testcase classname="MeetupTest" name="third saturday of january 2013" time="0.0">
                                                 
                                               </testcase><testcase classname="MeetupTest" name="third saturday of february 2013" time="0.001">
                                                 
                                               </testcase><testcase classname="MeetupTest" name="third sunday of march 2013" time="0.0">
                                                 
                                               </testcase><testcase classname="MeetupTest" name="third sunday of april 2013" time="0.0">
                                                 
                                               </testcase><testcase classname="MeetupTest" name="fourth monday of march 2013" time="0.0">
                                                 
                                               </testcase><testcase classname="MeetupTest" name="fourth monday of april 2013" time="0.0">
                                                 
                                               </testcase><testcase classname="MeetupTest" name="fourth tuesday of may 2013" time="0.0">
                                                 
                                               </testcase><testcase classname="MeetupTest" name="fourth tuesday of june 2013" time="0.0">
                                                 
                                               </testcase><testcase classname="MeetupTest" name="fourth wednesday of july 2013" time="0.0">
                                                 
                                               </testcase><testcase classname="MeetupTest" name="fourth wednesday of august 2013" time="0.0">
                                                 
                                               </testcase><testcase classname="MeetupTest" name="fourth thursday of september 2013" time="0.0">
                                                 
                                               </testcase><testcase classname="MeetupTest" name="fourth thursday of october 2013" time="0.0">
                                                 
                                               </testcase><testcase classname="MeetupTest" name="fourth friday of november 2013" time="0.0">
                                                 
                                               </testcase><testcase classname="MeetupTest" name="fourth friday of december 2013" time="0.0">
                                                 
                                               </testcase><testcase classname="MeetupTest" name="fourth saturday of january 2013" time="0.001">
                                                 
                                               </testcase><testcase classname="MeetupTest" name="fourth saturday of february 2013" time="0.0">
                                                 
                                               </testcase><testcase classname="MeetupTest" name="fourth sunday of march 2013" time="0.0">
                                                 
                                               </testcase><testcase classname="MeetupTest" name="fourth sunday of april 2013" time="0.0">
                                                 
                                               </testcase><testcase classname="MeetupTest" name="last monday of march 2013" time="0.001">
                                                 
                                               </testcase><testcase classname="MeetupTest" name="last monday of april 2013" time="0.0">
                                                 
                                               </testcase><testcase classname="MeetupTest" name="last tuesday of may 2013" time="0.001">
                                                 
                                               </testcase><testcase classname="MeetupTest" name="last tuesday of june 2013" time="0.0">
                                                 
                                               </testcase><testcase classname="MeetupTest" name="last wednesday of july 2013" time="0.0">
                                                 
                                               </testcase><testcase classname="MeetupTest" name="last wednesday of august 2013" time="0.0">
                                                 
                                               </testcase><testcase classname="MeetupTest" name="last thursday of september 2013" time="0.0">
                                                 
                                               </testcase><testcase classname="MeetupTest" name="last thursday of october 2013" time="0.001">
                                                 
                                               </testcase><testcase classname="MeetupTest" name="last friday of november 2013" time="0.0">
                                                 
                                               </testcase><testcase classname="MeetupTest" name="last friday of december 2013" time="0.0">
                                                 
                                               </testcase><testcase classname="MeetupTest" name="last saturday of january 2013" time="0.0">
                                                 
                                               </testcase><testcase classname="MeetupTest" name="last saturday of february 2013" time="0.001">
                                                 
                                               </testcase><testcase classname="MeetupTest" name="last sunday of march 2013" time="0.0">
                                                 
                                               </testcase><testcase classname="MeetupTest" name="last sunday of april 2013" time="0.001">
                                                 
                                               </testcase>
                     <system-out></system-out>
                     <system-err></system-err>
                   </testsuite>