<?xml version='1.0' encoding='UTF-8'?>
<testsuite hostname="Alans-MBP.lan" name="ClockTest" tests="51" errors="0" failures="0" skipped="0" time="0.056">
                     <properties>
[...]
</properties>
                     <testcase classname="ClockTest" name="should construct from hour/min" time="0.036">
                                                 
                                               </testcase><testcase classname="ClockTest" name="should construct from minutes" time="0.0">
                                                 
                                               </testcase><testcase classname="ClockTest" name="should implement equals" time="0.009">
                                                 
                                               </testcase><testcase classname="ClockTest" name="should support wraparound" time="0.0">
                                                 
                                               </testcase><testcase classname="ClockTest" name="should handle hour rolls over continuously" time="0.0">
                                                 
                                               </testcase><testcase classname="ClockTest" name="should implement 60 min as the next hour" time="0.001">
                                                 
                                               </testcase><testcase classname="ClockTest" name="should construct consistently between constructors" time="0.0">
                                                 
                                               </testcase><testcase classname="ClockTest" name="should support rolling over minutes" time="0.0">
                                                 
                                               </testcase><testcase classname="ClockTest" name="should handle minutes rolling over consistently" time="0.001">
                                                 
                                               </testcase><testcase classname="ClockTest" name="should support rolling over both hours and minutes" time="0.0">
                                                 
                                               </testcase><testcase classname="ClockTest" name="should handle hours and minutes rolling over consistently" time="0.0">
                                                 
                                               </testcase><testcase classname="ClockTest" name="should handle hours and minutes rolling over to midnight" time="0.0">
                                                 
                                               </testcase><testcase classname="ClockTest" name="should handle negative hour" time="0.0">
                                                 
                                               </testcase><testcase classname="ClockTest" name="should handle rolling over negative hour" time="0.0">
                                                 
                                               </testcase><testcase classname="ClockTest" name="should handle negative hours rolling over consistently" time="0.0">
                                                 
                                               </testcase><testcase classname="ClockTest" name="should handle negative minute" time="0.001">
                                                 
                                               </testcase><testcase classname="ClockTest" name="should handle rolling over negative minute" time="0.0">
                                                 
                                               </testcase><testcase classname="ClockTest" name="should handle negative minutes rolling over consistently" time="0.0">
                                                 
                                               </testcase><testcase classname="ClockTest" name="should handle negative hour and minutes roll over" time="0.001">
                                                 
                                               </testcase><testcase classname="ClockTest" name="should handle negative hour and minutes rolling over consistently" time="0.0">
                                                 
                                               </testcase><testcase classname="ClockTest" name="should add minutes" time="0.0">
                                                 
                                               </testcase><testcase classname="ClockTest" name="should add no minutes" time="0.001">
                                                 
                                               </testcase><testcase classname="ClockTest" name="should add to next hour" time="0.0">
                                                 
                                               </testcase><testcase classname="ClockTest" name="should add more than one hour" time="0.0">
                                                 
                                               </testcase><testcase classname="ClockTest" name="should add more than two hours with carry" time="0.0">
                                                 
                                               </testcase><testcase classname="ClockTest" name="should add across midnight" time="0.0">
                                                 
                                               </testcase><testcase classname="ClockTest" name="should add more than one day (1500 min == 25 hours)" time="0.0">
                                                 
                                               </testcase><testcase classname="ClockTest" name="should add more than 2 days" time="0.0">
                                                 
                                               </testcase><testcase classname="ClockTest" name="should subtract minutes" time="0.0">
                                                 
                                               </testcase><testcase classname="ClockTest" name="should subtract to previous hour" time="0.001">
                                                 
                                               </testcase><testcase classname="ClockTest" name="should subtract more than an hour" time="0.0">
                                                 
                                               </testcase><testcase classname="ClockTest" name="should subtract across midnight" time="0.0">
                                                 
                                               </testcase><testcase classname="ClockTest" name="should subtract more than two hours" time="0.0">
                                                 
                                               </testcase><testcase classname="ClockTest" name="should subtract more than two hours with borrow" time="0.0">
                                                 
                                               </testcase><testcase classname="ClockTest" name="should subtract more than one day (1500 min = 25 hrs)" time="0.0">
                                                 
                                               </testcase><testcase classname="ClockTest" name="should subtract more than two days" time="0.0">
                                                 
                                               </testcase><testcase classname="ClockTest" name="should handle equality of clocks with same time" time="0.0">
                                                 
                                               </testcase><testcase classname="ClockTest" name="should handle equality of clocks that are one minute apart" time="0.001">
                                                 
                                               </testcase><testcase classname="ClockTest" name="should handle equality of clocks that are one hour apart" time="0.0">
                                                 
                                               </testcase><testcase classname="ClockTest" name="should handle equality of clocks with hour overflow" time="0.0">
                                                 
                                               </testcase><testcase classname="ClockTest" name="should handle equality of clocks with hour overflow by several days" time="0.001">
                                                 
                                               </testcase><testcase classname="ClockTest" name="should handle equality of clocks with negative hour" time="0.0">
                                                 
                                               </testcase><testcase classname="ClockTest" name="should handle equality of clocks with negative hour that wraps" time="0.0">
                                                 
                                               </testcase><testcase classname="ClockTest" name="should handle equality of clocks with negative hour that wraps multiple times" time="0.001">
                                                 
                                               </testcase><testcase classname="ClockTest" name="should handle equality of clocks with minute overflow" time="0.0">
                                                 
                                               </testcase><testcase classname="ClockTest" name="should handle equality of clocks with minute overflow by several days" time="0.001">
                                                 
                                               </testcase><testcase classname="ClockTest" name="should handle equality of clocks with negative minute" time="0.0">
                                                 
                                               </testcase><testcase classname="ClockTest" name="should handle equality of clocks with negative minute that wraps" time="0.001">
                                                 
                                               </testcase><testcase classname="ClockTest" name="should handle equality of clocks with negative minute that wraps mutiple times" time="0.0">
                                                 
                                               </testcase><testcase classname="ClockTest" name="should handle equality of clocks with negative hours and minute" time="0.0">
                                                 
                                               </testcase><testcase classname="ClockTest" name="should handle equality of clocks with negative hours and minute that wrap" time="0.0">
                                                 
                                               </testcase>
                     <system-out></system-out>
                     <system-err></system-err>
                   </testsuite>